<?xml version="1.0" encoding="UTF-8"?>
<testsuite xmlns:xsi="http://www.w3.org/2001/XMLSchema-instance" xsi:noNamespaceSchemaLocation="https://maven.apache.org/surefire/maven-surefire-plugin/xsd/surefire-test-report.xsd" name="testas.AppTest" time="0.396" tests="4" errors="0" skipped="0" failures="3">
  <properties>
    <property name="java.specification.version" value="15"/>
    <property name="sun.cpu.isalist" value="amd64"/>
    <property name="sun.jnu.encoding" value="Cp1251"/>
    <property name="java.class.path" value="C:\cloudx\tomcat\webapps\danku\danku\target\test-classes;C:\cloudx\tomcat\webapps\danku\danku\target\classes;C:\Users\shplintas\.m2\repository\junit\junit\4.11\junit-4.11.jar;C:\Users\shplintas\.m2\repository\org\hamcrest\hamcrest-core\1.3\hamcrest-core-1.3.jar;"/>
    <property name="java.vm.vendor" value="Oracle Corporation"/>
    <property name="sun.arch.data.model" value="64"/>
    <property name="user.variant" value=""/>
    <property name="java.vendor.url" value="https://java.oracle.com/"/>
    <property name="user.timezone" value="Europe/Vilnius"/>
    <property name="os.name" value="Windows 10"/>
    <property name="java.vm.specification.version" value="15"/>
    <property name="sun.java.launcher" value="SUN_STANDARD"/>
    <property name="user.country" value="US"/>
    <property name="sun.boot.library.path" value="C:\Program Files\Java\jdk-15.0.2\bin"/>
    <property name="sun.java.command" value="C:\Users\SHPLIN~1\AppData\Local\Temp\surefire4783441042874614550\surefirebooter11141025637774383793.jar C:\Users\shplintas\AppData\Local\Temp\surefire4783441042874614550 2021-03-05T08-45-03_561-jvmRun1 surefire4808309649898638501tmp surefire_09113507840302269433tmp"/>
    <property name="jdk.debug" value="release"/>
    <property name="surefire.test.class.path" value="C:\cloudx\tomcat\webapps\danku\danku\target\test-classes;C:\cloudx\tomcat\webapps\danku\danku\target\classes;C:\Users\shplintas\.m2\repository\junit\junit\4.11\junit-4.11.jar;C:\Users\shplintas\.m2\repository\org\hamcrest\hamcrest-core\1.3\hamcrest-core-1.3.jar;"/>
    <property name="sun.cpu.endian" value="little"/>
    <property name="user.home" value="C:\Users\shplintas"/>
    <property name="user.language" value="en"/>
    <property name="java.specification.vendor" value="Oracle Corporation"/>
    <property name="java.version.date" value="2021-01-19"/>
    <property name="java.home" value="C:\Program Files\Java\jdk-15.0.2"/>
    <property name="file.separator" value="\"/>
    <property name="basedir" value="C:\cloudx\tomcat\webapps\danku\danku"/>
    <property name="java.vm.compressedOopsMode" value="32-bit"/>
    <property name="line.separator" value="&#10;"/>
    <property name="java.vm.specification.vendor" value="Oracle Corporation"/>
    <property name="java.specification.name" value="Java Platform API Specification"/>
    <property name="surefire.real.class.path" value="C:\Users\SHPLIN~1\AppData\Local\Temp\surefire4783441042874614550\surefirebooter11141025637774383793.jar"/>
    <property name="user.script" value=""/>
    <property name="sun.management.compiler" value="HotSpot 64-Bit Tiered Compilers"/>
    <property name="java.runtime.version" value="15.0.2+7-27"/>
    <property name="user.name" value="shplintas"/>
    <property name="path.separator" value=";"/>
    <property name="os.version" value="10.0"/>
    <property name="java.runtime.name" value="Java(TM) SE Runtime Environment"/>
    <property name="file.encoding" value="Cp1252"/>
    <property name="java.vm.name" value="Java HotSpot(TM) 64-Bit Server VM"/>
    <property name="localRepository" value="C:\Users\shplintas\.m2\repository"/>
    <property name="java.vendor.url.bug" value="https://bugreport.java.com/bugreport/"/>
    <property name="java.io.tmpdir" value="C:\Users\SHPLIN~1\AppData\Local\Temp\"/>
    <property name="java.version" value="15.0.2"/>
    <property name="user.dir" value="C:\cloudx\tomcat\webapps\danku\danku"/>
    <property name="os.arch" value="amd64"/>
    <property name="java.vm.specification.name" value="Java Virtual Machine Specification"/>
    <property name="sun.os.patch.level" value=""/>
    <property name="java.library.path" value="C:\Program Files\Java\jdk-15.0.2\bin;C:\WINDOWS\Sun\Java\bin;C:\WINDOWS\system32;C:\WINDOWS;C:\Users\shplintas\Desktop\mavenx\bin;C:\Program Files\Common Files\Oracle\Java\javapath;C:\ProgramData\Oracle\Java\javapath;C:\Program Files\Common Files\Microsoft Shared\Windows Live;C:\Program Files (x86)\Common Files\Microsoft Shared\Windows Live;C:\WINDOWS\system32;C:\WINDOWS;C:\WINDOWS\System32\Wbem;C:\WINDOWS\System32\WindowsPowerShell\v1.0\;C:\Program Files\TortoiseSVN\bin;C:\Program Files (x86)\Bitvise SSH Client;C:\Program Files (x86)\Skype\Phone\;C:\WINDOWS\System32\OpenSSH\;C:\cloudx\php;C:\Users\shplintas\AppData\Local\Microsoft\WindowsApps;C:\Program Files\Java\jdk-12.0.1\bin;."/>
    <property name="java.vm.info" value="mixed mode, sharing"/>
    <property name="java.vendor" value="Oracle Corporation"/>
    <property name="java.vm.version" value="15.0.2+7-27"/>
    <property name="sun.io.unicode.encoding" value="UnicodeLittle"/>
    <property name="java.class.version" value="59.0"/>
  </properties>
  <testcase name="shouldAnswerWithTrue" classname="testas.AppTest" time="0.001"/>
  <testcase name="masyvuTestas" classname="testas.AppTest" time="0.008">
    <failure message="nesutampa a ir b: arrays first differed at element [7]; expected:&lt;8&gt; but was:&lt;7&gt;" type="org.junit.internal.ArrayComparisonFailure"><![CDATA[org.junit.internal.ArrayComparisonFailure: nesutampa a ir b: arrays first differed at element [7]; expected:<8> but was:<7>
	at testas.AppTest.masyvuTestas(AppTest.java:52)
]]></failure>
  </testcase>
  <testcase name="treciasTestas" classname="testas.AppTest" time="0">
    <failure message="nesutampa a ir b eilutes expected:&lt;[l]abas jUnit pasauli&gt; but was:&lt;[L]abas jUnit pasauli&gt;" type="org.junit.ComparisonFailure"><![CDATA[org.junit.ComparisonFailure: nesutampa a ir b eilutes expected:<[l]abas jUnit pasauli> but was:<[L]abas jUnit pasauli>
	at testas.AppTest.treciasTestas(AppTest.java:41)
]]></failure>
  </testcase>
  <testcase name="kitasTestas" classname="testas.AppTest" time="0.001">
    <failure message="nesutampa a ir b reiksmes expected:&lt;10.40008&gt; but was:&lt;10.40004&gt;" type="java.lang.AssertionError"><![CDATA[java.lang.AssertionError: nesutampa a ir b reiksmes expected:<10.40008> but was:<10.40004>
	at testas.AppTest.kitasTestas(AppTest.java:29)
]]></failure>
  </testcase>
</testsuite>