<?xml version="1.0" encoding="UTF-8"?>
<testsuite xmlns:xsi="http://www.w3.org/2001/XMLSchema-instance" xsi:noNamespaceSchemaLocation="https://maven.apache.org/surefire/maven-surefire-plugin/xsd/surefire-test-report.xsd" name="testas.AppTest" time="0.396" tests="4" errors="0" skipped="0" failures="3">
  <properties>
[...]
</properties>
  <testcase name="shouldAnswerWithTrue" classname="testas.AppTest" time="0.001"/>
  <testcase name="masyvuTestas" classname="testas.AppTest" time="0.008">
    <failure message="nesutampa a ir b: arrays first differed at element [7]; expected:&lt;8&gt; but was:&lt;7&gt;" type="org.junit.internal.ArrayComparisonFailure"><![CDATA[org.junit.internal.ArrayComparisonFailure: nesutampa a ir b: arrays first differed at element [7]; expected:<8> but was:<7>
	at testas.AppTest.masyvuTestas(AppTest.java:52)
]]></failure>
  </testcase>
  <testcase name="treciasTestas" classname="testas.AppTest" time="0">
    <failure message="nesutampa a ir b eilutes expected:&lt;[l]abas jUnit pasauli&gt; but was:&lt;[L]abas jUnit pasauli&gt;" type="org.junit.ComparisonFailure"><![CDATA[org.junit.ComparisonFailure: nesutampa a ir b eilutes expected:<[l]abas jUnit pasauli> but was:<[L]abas jUnit pasauli>
	at testas.AppTest.treciasTestas(AppTest.java:41)
]]></failure>
  </testcase>
  <testcase name="kitasTestas" classname="testas.AppTest" time="0.001">
    <failure message="nesutampa a ir b reiksmes expected:&lt;10.40008&gt; but was:&lt;10.40004&gt;" type="java.lang.AssertionError"><![CDATA[java.lang.AssertionError: nesutampa a ir b reiksmes expected:<10.40008> but was:<10.40004>
	at testas.AppTest.kitasTestas(AppTest.java:29)
]]></failure>
  </testcase>
</testsuite>